<?xml version="1.0" encoding="UTF-8"?>
<testsuites name="TS_LifeCharger" time="42.829" tests="2" failures="0" errors="0">
   <testsuite name="TS_LifeCharger" tests="2" failures="0" errors="0" time="42.829" timestamp="2020-11-17 12:16:12" hostname="pro - mbp-de-pro" id="Test Suites/TS_LifeCharger">
      <properties>
         <property name="deviceName" value=""/>
         <property name="devicePlatform" value=""/>
         <property name="logFolder" value="/Users/pro/Sou/KatalonStudioProjects/TutoKatalon/Reports/20201117_121607/TS_LifeCharger/20201117_121607"/>
         <property name="logFiles" value="/Users/pro/Sou/KatalonStudioProjects/TutoKatalon/Reports/20201117_121607/TS_LifeCharger/20201117_121607/execution0.log"/>
         <property name="attachments" value=""/>
         <property name="hostName" value="pro - mbp-de-pro"/>
         <property name="os" value="Mac OS X 64bit"/>
         <property name="katalonVersion" value="7.7.2.205"/>
         <property name="browser" value="Chrome 86.0.4240.198"/>
         <property name="hostAddress" value="192.168.1.37"/>
         <property name="sessionId" value="ef49bdd3adda870fd12366a9ded4daac"/>
         <property name="seleniumVersion" value="3.141.59"/>
         <property name="proxyInformation" value="ProxyInformation { proxyOption=NO_PROXY, proxyServerType=HTTP, username=, password=********, proxyServerAddress=, proxyServerPort=0, executionList=&quot;&quot;, isApplyToDesiredCapabilities=true }"/>
         <property name="platform" value="Mac OS X"/>
      </properties>
      <testcase name="Test Cases/TC_LifeCharger" time="22.735" classname="Test Cases/TC_LifeCharger" status="PASSED">
         <system-out><![CDATA[2020-11-17 12:16:12 - [TEST_CASE][PASSED] - Test Cases/TC_LifeCharger: Test Cases/TC_LifeCharger

2020-11-17 12:16:12 - [TEST_STEP][PASSED] - openBrowser("https://lifecharger.org"): Browser is opened with url: 'https://lifecharger.org'

2020-11-17 12:16:13 - [MESSAGE][INFO] - Starting 'Chrome' driver

2020-11-17 12:16:13 - [MESSAGE][INFO] - Action delay is set to 0 milliseconds

2020-11-17 12:16:19 - [MESSAGE][PASSED] - Browser is opened with url: 'https://lifecharger.org'

2020-11-17 12:16:19 - [TEST_STEP][PASSED] - click(findTestObject("Object Repository/LifeChargerOR/Page_Life Charger   a new beginning/a_Stretch Zone  Why Nobody talks about this")): Object: 'Object Repository/LifeChargerOR/Page_Life Charger   a new beginning/a_Stretch Zone  Why Nobody talks about this' is clicked on

2020-11-17 12:16:23 - [MESSAGE][PASSED] - Object: 'Object Repository/LifeChargerOR/Page_Life Charger   a new beginning/a_Stretch Zone  Why Nobody talks about this' is clicked on

2020-11-17 12:16:23 - [TEST_STEP][PASSED] - for ([numRow = 1, numRow <= findTestData("myData/testData").getRowNumbers(), (numRow++)]): null

2020-11-17 12:16:23 - [TEST_STEP][PASSED] - setText(findTestObject("Object Repository/LifeChargerOR/Page_Life Charger   a new beginning/input_Search for_s"), findTestData("myData/testData").getValue(1, numRow)): Text 'test1' is set on object 'Object Repository/LifeChargerOR/Page_Life Charger   a new beginning/input_Search for_s'

2020-11-17 12:16:24 - [MESSAGE][PASSED] - Text 'test1' is set on object 'Object Repository/LifeChargerOR/Page_Life Charger   a new beginning/input_Search for_s'

2020-11-17 12:16:24 - [TEST_STEP][PASSED] - Thread.sleep(3000): null

2020-11-17 12:16:27 - [TEST_STEP][PASSED] - setText(findTestObject("Object Repository/LifeChargerOR/Page_Life Charger   a new beginning/input_Search for_s"), findTestData("myData/testData").getValue(1, numRow)): Text 'test2' is set on object 'Object Repository/LifeChargerOR/Page_Life Charger   a new beginning/input_Search for_s'

2020-11-17 12:16:28 - [MESSAGE][PASSED] - Text 'test2' is set on object 'Object Repository/LifeChargerOR/Page_Life Charger   a new beginning/input_Search for_s'

2020-11-17 12:16:28 - [TEST_STEP][PASSED] - Thread.sleep(3000): null

2020-11-17 12:16:31 - [TEST_STEP][NOT_RUN] - click(findTestObject("Object Repository/LifeChargerOR/Page_Life Charger   a new beginning/button_Search for_search-submit")): NOT_RUN: click(findTestObject("Object Repository/LifeChargerOR/Page_Life Charger   a new beginning/button_Search for_search-submit"))

2020-11-17 12:16:31 - [MESSAGE][NOT_RUN] - NOT_RUN: click(findTestObject("Object Repository/LifeChargerOR/Page_Life Charger   a new beginning/button_Search for_search-submit"))

2020-11-17 12:16:31 - [TEST_STEP][PASSED] - verifyElementPresent(findTestObject("Object Repository/LifeChargerOR/Page_Life Charger   a new beginning/a_Home"), 0): Object 'Object Repository/LifeChargerOR/Page_Life Charger   a new beginning/a_Home' is present

2020-11-17 12:16:31 - [MESSAGE][WARNING] - Timeout '0' is invalid. Using default page load timeout: '30'

2020-11-17 12:16:31 - [MESSAGE][PASSED] - Object 'Object Repository/LifeChargerOR/Page_Life Charger   a new beginning/a_Home' is present

2020-11-17 12:16:31 - [TEST_STEP][PASSED] - setText(findTestObject("Object Repository/LifeChargerOR/Page_Life Charger   a new beginning/input_Search for_s"), password): Text 'test11' is set on object 'Object Repository/LifeChargerOR/Page_Life Charger   a new beginning/input_Search for_s'

2020-11-17 12:16:32 - [MESSAGE][PASSED] - Text 'test11' is set on object 'Object Repository/LifeChargerOR/Page_Life Charger   a new beginning/input_Search for_s'

2020-11-17 12:16:32 - [TEST_STEP][PASSED] - delay(3): Delayed 3 second(s)

2020-11-17 12:16:35 - [MESSAGE][PASSED] - Delayed 3 second(s)

2020-11-17 12:16:35 - [TEST_STEP][PASSED] - closeBrowser(): Browser is closed

2020-11-17 12:16:35 - [MESSAGE][PASSED] - Browser is closed]]></system-out>
         <system-err><![CDATA[]]></system-err>
      </testcase>
      <testcase name="Test Cases/TC_LifeCharger" time="19.58" classname="Test Cases/TC_LifeCharger" status="PASSED">
         <system-out><![CDATA[2020-11-17 12:16:35 - [TEST_CASE][PASSED] - Test Cases/TC_LifeCharger: Test Cases/TC_LifeCharger

2020-11-17 12:16:35 - [TEST_STEP][PASSED] - openBrowser("https://lifecharger.org"): Browser is opened with url: 'https://lifecharger.org'

2020-11-17 12:16:35 - [MESSAGE][INFO] - Starting 'Chrome' driver

2020-11-17 12:16:35 - [MESSAGE][INFO] - Action delay is set to 0 milliseconds

2020-11-17 12:16:40 - [MESSAGE][PASSED] - Browser is opened with url: 'https://lifecharger.org'

2020-11-17 12:16:40 - [TEST_STEP][PASSED] - click(findTestObject("Object Repository/LifeChargerOR/Page_Life Charger   a new beginning/a_Stretch Zone  Why Nobody talks about this")): Object: 'Object Repository/LifeChargerOR/Page_Life Charger   a new beginning/a_Stretch Zone  Why Nobody talks about this' is clicked on

2020-11-17 12:16:42 - [MESSAGE][PASSED] - Object: 'Object Repository/LifeChargerOR/Page_Life Charger   a new beginning/a_Stretch Zone  Why Nobody talks about this' is clicked on

2020-11-17 12:16:42 - [TEST_STEP][PASSED] - for ([numRow = 1, numRow <= findTestData("myData/testData").getRowNumbers(), (numRow++)]): null

2020-11-17 12:16:42 - [TEST_STEP][PASSED] - setText(findTestObject("Object Repository/LifeChargerOR/Page_Life Charger   a new beginning/input_Search for_s"), findTestData("myData/testData").getValue(1, numRow)): Text 'test1' is set on object 'Object Repository/LifeChargerOR/Page_Life Charger   a new beginning/input_Search for_s'

2020-11-17 12:16:44 - [MESSAGE][PASSED] - Text 'test1' is set on object 'Object Repository/LifeChargerOR/Page_Life Charger   a new beginning/input_Search for_s'

2020-11-17 12:16:44 - [TEST_STEP][PASSED] - Thread.sleep(3000): null

2020-11-17 12:16:47 - [TEST_STEP][PASSED] - setText(findTestObject("Object Repository/LifeChargerOR/Page_Life Charger   a new beginning/input_Search for_s"), findTestData("myData/testData").getValue(1, numRow)): Text 'test2' is set on object 'Object Repository/LifeChargerOR/Page_Life Charger   a new beginning/input_Search for_s'

2020-11-17 12:16:47 - [MESSAGE][PASSED] - Text 'test2' is set on object 'Object Repository/LifeChargerOR/Page_Life Charger   a new beginning/input_Search for_s'

2020-11-17 12:16:47 - [TEST_STEP][PASSED] - Thread.sleep(3000): null

2020-11-17 12:16:50 - [TEST_STEP][NOT_RUN] - click(findTestObject("Object Repository/LifeChargerOR/Page_Life Charger   a new beginning/button_Search for_search-submit")): NOT_RUN: click(findTestObject("Object Repository/LifeChargerOR/Page_Life Charger   a new beginning/button_Search for_search-submit"))

2020-11-17 12:16:50 - [MESSAGE][NOT_RUN] - NOT_RUN: click(findTestObject("Object Repository/LifeChargerOR/Page_Life Charger   a new beginning/button_Search for_search-submit"))

2020-11-17 12:16:50 - [TEST_STEP][PASSED] - verifyElementPresent(findTestObject("Object Repository/LifeChargerOR/Page_Life Charger   a new beginning/a_Home"), 0): Object 'Object Repository/LifeChargerOR/Page_Life Charger   a new beginning/a_Home' is present

2020-11-17 12:16:50 - [MESSAGE][WARNING] - Timeout '0' is invalid. Using default page load timeout: '30'

2020-11-17 12:16:51 - [MESSAGE][PASSED] - Object 'Object Repository/LifeChargerOR/Page_Life Charger   a new beginning/a_Home' is present

2020-11-17 12:16:51 - [TEST_STEP][PASSED] - setText(findTestObject("Object Repository/LifeChargerOR/Page_Life Charger   a new beginning/input_Search for_s"), password): Text 'test22' is set on object 'Object Repository/LifeChargerOR/Page_Life Charger   a new beginning/input_Search for_s'

2020-11-17 12:16:51 - [MESSAGE][PASSED] - Text 'test22' is set on object 'Object Repository/LifeChargerOR/Page_Life Charger   a new beginning/input_Search for_s'

2020-11-17 12:16:51 - [TEST_STEP][PASSED] - delay(3): Delayed 3 second(s)

2020-11-17 12:16:54 - [MESSAGE][PASSED] - Delayed 3 second(s)

2020-11-17 12:16:54 - [TEST_STEP][PASSED] - closeBrowser(): Browser is closed

2020-11-17 12:16:54 - [MESSAGE][PASSED] - Browser is closed]]></system-out>
         <system-err><![CDATA[]]></system-err>
      </testcase>
      <system-out><![CDATA[2020-11-17 12:16:12 - [TEST_SUITE][PASSED] - TS_LifeCharger: Test Cases/TC_LifeCharger]]></system-out>
      <system-err><![CDATA[]]></system-err>
   </testsuite>
</testsuites>
