<?xml version="1.0" encoding="UTF-8"?>
<testsuites name="TS_LifeCharger" time="28.208" tests="2" failures="0" errors="0">
   <testsuite name="TS_LifeCharger" tests="2" failures="0" errors="0" time="28.208" timestamp="2020-11-12 19:27:06" hostname="pro - mbp-de-pro" id="Test Suites/TS_LifeCharger">
      <properties>
         <property name="deviceName" value=""/>
         <property name="devicePlatform" value=""/>
         <property name="logFolder" value="/Users/pro/Sou/KatalonStudioProjects/TutoKatalon/Reports/20201112_192700/TS_LifeCharger/20201112_192701"/>
         <property name="logFiles" value="/Users/pro/Sou/KatalonStudioProjects/TutoKatalon/Reports/20201112_192700/TS_LifeCharger/20201112_192701/execution0.log"/>
         <property name="attachments" value=""/>
         <property name="hostName" value="pro - mbp-de-pro"/>
         <property name="os" value="Mac OS X 64bit"/>
         <property name="katalonVersion" value="7.7.2.205"/>
         <property name="browser" value="Chrome 86.0.4240.198"/>
         <property name="hostAddress" value="192.168.1.37"/>
         <property name="sessionId" value="c9f8c488eea81b98a5be022e89ad6c50"/>
         <property name="seleniumVersion" value="3.141.59"/>
         <property name="proxyInformation" value="ProxyInformation { proxyOption=NO_PROXY, proxyServerType=HTTP, username=, password=********, proxyServerAddress=, proxyServerPort=0, executionList=&quot;&quot;, isApplyToDesiredCapabilities=true }"/>
         <property name="platform" value="Mac OS X"/>
      </properties>
      <testcase name="Test Cases/TC_LifeCharger" time="15.014" classname="Test Cases/TC_LifeCharger" status="PASSED">
         <system-out><![CDATA[2020-11-12 19:27:06 - [TEST_CASE][PASSED] - Test Cases/TC_LifeCharger: Test Cases/TC_LifeCharger

2020-11-12 19:27:06 - [TEST_STEP][PASSED] - openBrowser("https://lifecharger.org"): Browser is opened with url: 'https://lifecharger.org'

2020-11-12 19:27:06 - [MESSAGE][INFO] - Starting 'Chrome' driver

2020-11-12 19:27:06 - [MESSAGE][INFO] - Action delay is set to 0 milliseconds

2020-11-12 19:27:12 - [MESSAGE][PASSED] - Browser is opened with url: 'https://lifecharger.org'

2020-11-12 19:27:12 - [TEST_STEP][PASSED] - click(findTestObject("Object Repository/LifeChargerOR/Page_Life Charger   a new beginning/a_Stretch Zone  Why Nobody talks about this")): Object: 'Object Repository/LifeChargerOR/Page_Life Charger   a new beginning/a_Stretch Zone  Why Nobody talks about this' is clicked on

2020-11-12 19:27:15 - [MESSAGE][PASSED] - Object: 'Object Repository/LifeChargerOR/Page_Life Charger   a new beginning/a_Stretch Zone  Why Nobody talks about this' is clicked on

2020-11-12 19:27:15 - [TEST_STEP][PASSED] - setText(findTestObject("Object Repository/LifeChargerOR/Page_Life Charger   a new beginning/input_Search for_s"), username): Text 'test1' is set on object 'Object Repository/LifeChargerOR/Page_Life Charger   a new beginning/input_Search for_s'

2020-11-12 19:27:17 - [MESSAGE][PASSED] - Text 'test1' is set on object 'Object Repository/LifeChargerOR/Page_Life Charger   a new beginning/input_Search for_s'

2020-11-12 19:27:17 - [TEST_STEP][NOT_RUN] - click(findTestObject("Object Repository/LifeChargerOR/Page_Life Charger   a new beginning/button_Search for_search-submit")): NOT_RUN: click(findTestObject("Object Repository/LifeChargerOR/Page_Life Charger   a new beginning/button_Search for_search-submit"))

2020-11-12 19:27:17 - [MESSAGE][NOT_RUN] - NOT_RUN: click(findTestObject("Object Repository/LifeChargerOR/Page_Life Charger   a new beginning/button_Search for_search-submit"))

2020-11-12 19:27:17 - [TEST_STEP][PASSED] - verifyElementPresent(findTestObject("Object Repository/LifeChargerOR/Page_Life Charger   a new beginning/a_Home"), 0): Object 'Object Repository/LifeChargerOR/Page_Life Charger   a new beginning/a_Home' is present

2020-11-12 19:27:17 - [MESSAGE][WARNING] - Timeout '0' is invalid. Using default page load timeout: '30'

2020-11-12 19:27:17 - [MESSAGE][PASSED] - Object 'Object Repository/LifeChargerOR/Page_Life Charger   a new beginning/a_Home' is present

2020-11-12 19:27:17 - [TEST_STEP][PASSED] - setText(findTestObject("Object Repository/LifeChargerOR/Page_Life Charger   a new beginning/input_Search for_s"), password): Text 'test11' is set on object 'Object Repository/LifeChargerOR/Page_Life Charger   a new beginning/input_Search for_s'

2020-11-12 19:27:18 - [MESSAGE][PASSED] - Text 'test11' is set on object 'Object Repository/LifeChargerOR/Page_Life Charger   a new beginning/input_Search for_s'

2020-11-12 19:27:18 - [TEST_STEP][PASSED] - delay(3): Delayed 3 second(s)

2020-11-12 19:27:21 - [MESSAGE][PASSED] - Delayed 3 second(s)

2020-11-12 19:27:21 - [TEST_STEP][PASSED] - closeBrowser(): Browser is closed

2020-11-12 19:27:21 - [MESSAGE][PASSED] - Browser is closed]]></system-out>
         <system-err><![CDATA[]]></system-err>
      </testcase>
      <testcase name="Test Cases/TC_LifeCharger" time="12.763" classname="Test Cases/TC_LifeCharger" status="PASSED">
         <system-out><![CDATA[2020-11-12 19:27:21 - [TEST_CASE][PASSED] - Test Cases/TC_LifeCharger: Test Cases/TC_LifeCharger

2020-11-12 19:27:21 - [TEST_STEP][PASSED] - openBrowser("https://lifecharger.org"): Browser is opened with url: 'https://lifecharger.org'

2020-11-12 19:27:21 - [MESSAGE][INFO] - Starting 'Chrome' driver

2020-11-12 19:27:21 - [MESSAGE][INFO] - Action delay is set to 0 milliseconds

2020-11-12 19:27:25 - [MESSAGE][PASSED] - Browser is opened with url: 'https://lifecharger.org'

2020-11-12 19:27:25 - [TEST_STEP][PASSED] - click(findTestObject("Object Repository/LifeChargerOR/Page_Life Charger   a new beginning/a_Stretch Zone  Why Nobody talks about this")): Object: 'Object Repository/LifeChargerOR/Page_Life Charger   a new beginning/a_Stretch Zone  Why Nobody talks about this' is clicked on

2020-11-12 19:27:28 - [MESSAGE][PASSED] - Object: 'Object Repository/LifeChargerOR/Page_Life Charger   a new beginning/a_Stretch Zone  Why Nobody talks about this' is clicked on

2020-11-12 19:27:28 - [TEST_STEP][PASSED] - setText(findTestObject("Object Repository/LifeChargerOR/Page_Life Charger   a new beginning/input_Search for_s"), username): Text 'test2' is set on object 'Object Repository/LifeChargerOR/Page_Life Charger   a new beginning/input_Search for_s'

2020-11-12 19:27:29 - [MESSAGE][PASSED] - Text 'test2' is set on object 'Object Repository/LifeChargerOR/Page_Life Charger   a new beginning/input_Search for_s'

2020-11-12 19:27:29 - [TEST_STEP][NOT_RUN] - click(findTestObject("Object Repository/LifeChargerOR/Page_Life Charger   a new beginning/button_Search for_search-submit")): NOT_RUN: click(findTestObject("Object Repository/LifeChargerOR/Page_Life Charger   a new beginning/button_Search for_search-submit"))

2020-11-12 19:27:29 - [MESSAGE][NOT_RUN] - NOT_RUN: click(findTestObject("Object Repository/LifeChargerOR/Page_Life Charger   a new beginning/button_Search for_search-submit"))

2020-11-12 19:27:29 - [TEST_STEP][PASSED] - verifyElementPresent(findTestObject("Object Repository/LifeChargerOR/Page_Life Charger   a new beginning/a_Home"), 0): Object 'Object Repository/LifeChargerOR/Page_Life Charger   a new beginning/a_Home' is present

2020-11-12 19:27:29 - [MESSAGE][WARNING] - Timeout '0' is invalid. Using default page load timeout: '30'

2020-11-12 19:27:30 - [MESSAGE][PASSED] - Object 'Object Repository/LifeChargerOR/Page_Life Charger   a new beginning/a_Home' is present

2020-11-12 19:27:30 - [TEST_STEP][PASSED] - setText(findTestObject("Object Repository/LifeChargerOR/Page_Life Charger   a new beginning/input_Search for_s"), password): Text 'test22' is set on object 'Object Repository/LifeChargerOR/Page_Life Charger   a new beginning/input_Search for_s'

2020-11-12 19:27:30 - [MESSAGE][PASSED] - Text 'test22' is set on object 'Object Repository/LifeChargerOR/Page_Life Charger   a new beginning/input_Search for_s'

2020-11-12 19:27:30 - [TEST_STEP][PASSED] - delay(3): Delayed 3 second(s)

2020-11-12 19:27:33 - [MESSAGE][PASSED] - Delayed 3 second(s)

2020-11-12 19:27:33 - [TEST_STEP][PASSED] - closeBrowser(): Browser is closed

2020-11-12 19:27:34 - [MESSAGE][PASSED] - Browser is closed]]></system-out>
         <system-err><![CDATA[]]></system-err>
      </testcase>
      <system-out><![CDATA[2020-11-12 19:27:06 - [TEST_SUITE][PASSED] - TS_LifeCharger: Test Cases/TC_LifeCharger]]></system-out>
      <system-err><![CDATA[]]></system-err>
   </testsuite>
</testsuites>
